This file contains any messages produced by compilers while
running configure, to aid debugging if configure makes a mistake.

It was created by configure, which was
generated by GNU Autoconf 2.53.  Invocation command line was

  $ ./configure --with-dlz-mysql --cache-file=../.././config.cache --srcdir=.

## --------- ##
## Platform. ##
## --------- ##

hostname = DESKTOP-MT5JR40
uname -m = x86_64
uname -r = 2.11.2(0.329/5/3)
uname -s = CYGWIN_NT-10.0
uname -v = 2018-11-08 14:34

/usr/bin/uname -p = unknown
/bin/uname -X     = unknown

/bin/arch              = x86_64
/usr/bin/arch -k       = unknown
/usr/convex/getsysinfo = unknown
hostinfo               = unknown
/bin/machine           = unknown
/usr/bin/oslevel       = unknown
/bin/universe          = unknown

PATH: /usr/local/bin
PATH: /usr/bin
PATH: /cygdrive/c/Program Files (x86)/Common Files/Oracle/Java/javapath
PATH: /cygdrive/c/Windows/system32
PATH: /cygdrive/c/Windows
PATH: /cygdrive/c/Windows/System32/Wbem
PATH: /cygdrive/c/Windows/System32/WindowsPowerShell/v1.0
PATH: /cygdrive/c/Windows/System32/OpenSSH
PATH: /cygdrive/c/Program Files/PuTTY
PATH: /cygdrive/c/Program Files/MATLAB/R2018a/runtime/win64
PATH: /cygdrive/c/Program Files/MATLAB/R2018a/bin
PATH: /cygdrive/c/Program Files/Amazon/AWSCLI/bin
PATH: /cygdrive/c/Users/Patrick/AppData/Local/Microsoft/WindowsApps
PATH: /cygdrive/c/Program Files (x86)/Nmap


## ----------- ##
## Core tests. ##
## ----------- ##

configure:1279: loading cache ../.././config.cache
configure:1402: checking build system type
configure:1420: result: x86_64-pc-cygwin
configure:1428: checking host system type
configure:1442: result: x86_64-pc-cygwin
configure:1451: checking whether make sets ${MAKE}
configure:1475: result: no
configure:1572: checking for a BSD-compatible install
configure:1626: result: /usr/bin/install -c
configure:1645: checking for ar
configure:1675: result: /usr/bin/ar
configure:1713: checking for etags
configure:1746: result: no
configure:1713: checking for emacs-etags
configure:1746: result: no
configure:1779: checking for perl5
configure:1809: result: /usr/bin/perl
configure:2224: checking for C compiler version
configure:2227: gcc --version </dev/null >&5
gcc (GCC) 7.4.0
Copyright (C) 2017 Free Software Foundation, Inc.
This is free software; see the source for copying conditions.  There is NO
warranty; not even for MERCHANTABILITY or FITNESS FOR A PARTICULAR PURPOSE.

configure:2230: $? = 0
configure:2232: gcc -v </dev/null >&5
Using built-in specs.
COLLECT_GCC=gcc
COLLECT_LTO_WRAPPER=/usr/lib/gcc/x86_64-pc-cygwin/7.4.0/lto-wrapper.exe
Target: x86_64-pc-cygwin
Configured with: /cygdrive/i/szsz/tmpp/gcc/gcc-7.4.0-1.x86_64/src/gcc-7.4.0/configure --srcdir=/cygdrive/i/szsz/tmpp/gcc/gcc-7.4.0-1.x86_64/src/gcc-7.4.0 --prefix=/usr --exec-prefix=/usr --localstatedir=/var --sysconfdir=/etc --docdir=/usr/share/doc/gcc --htmldir=/usr/share/doc/gcc/html -C --build=x86_64-pc-cygwin --host=x86_64-pc-cygwin --target=x86_64-pc-cygwin --without-libiconv-prefix --without-libintl-prefix --libexecdir=/usr/lib --enable-shared --enable-shared-libgcc --enable-static --enable-version-specific-runtime-libs --enable-bootstrap --enable-__cxa_atexit --with-dwarf2 --with-tune=generic --enable-languages=ada,c,c++,fortran,lto,objc,obj-c++ --enable-graphite --enable-threads=posix --enable-libatomic --enable-libcilkrts --enable-libgomp --enable-libitm --enable-libquadmath --enable-libquadmath-support --disable-libssp --enable-libada --disable-symvers --with-gnu-ld --with-gnu-as --with-cloog-include=/usr/include/cloog-isl --without-libiconv-prefix --without-libintl-prefix --with-system-zlib --enable-linker-build-id --with-default-libstdcxx-abi=gcc4-compatible --enable-libstdcxx-filesystem-ts
Thread model: posix
gcc version 7.4.0 (GCC) 
configure:2235: $? = 0
configure:2237: gcc -V </dev/null >&5
gcc: error: unrecognized command line option '-V'
gcc: fatal error: no input files
compilation terminated.
configure:2240: $? = 1
configure:2266: checking for C compiler default output
configure:2269: gcc    conftest.c  >&5
configure:2272: $? = 0
configure:2305: result: a.exe
configure:2310: checking whether the C compiler works
configure:2316: ./a.exe
configure:2319: $? = 0
configure:2334: result: yes
configure:2341: checking whether we are cross compiling
configure:2343: result: no
configure:2346: checking for suffix of executables
configure:2348: gcc -o conftest.exe    conftest.c  >&5
configure:2351: $? = 0
configure:2373: result: .exe
configure:2379: checking for suffix of object files
configure:2425: result: o
configure:2429: checking whether we are using the GNU C compiler
configure:2477: result: yes
configure:2483: checking whether gcc accepts -g
configure:2526: result: yes
configure:2553: gcc -c -g -O2  conftest.c >&5
conftest.c:2:3: error: unknown type name 'choke'
   choke me
   ^~~~~
conftest.c:2:3: error: expected '=', ',', ';', 'asm' or '__attribute__' at end of input
configure:2556: $? = 1
configure: failed program was:
#ifndef __cplusplus
  choke me
#endif
configure:2673: checking how to run the C preprocessor
configure:2775: result: gcc -E
configure:2790: gcc -E  conftest.c
configure:2796: $? = 0
configure:2823: gcc -E  conftest.c
configure:2819:10: fatal error: ac_nonexistent.h: No such file or directory
 #line $LINENO "configure"
          ^~~~~~~~~~~~~~~~  
compilation terminated.
configure:2829: $? = 1
configure: failed program was:
#line 2818 "configure"
#include "confdefs.h"
#include <ac_nonexistent.h>
configure:2869: checking for ANSI C header files
configure:2998: result: yes
configure:3024: checking for sys/types.h
configure:3056: result: yes
configure:3024: checking for sys/stat.h
configure:3056: result: yes
configure:3024: checking for stdlib.h
configure:3056: result: yes
configure:3024: checking for string.h
configure:3056: result: yes
configure:3024: checking for memory.h
configure:3056: result: yes
configure:3024: checking for strings.h
configure:3056: result: yes
configure:3024: checking for inttypes.h
configure:3056: result: yes
configure:3024: checking for stdint.h
configure:3056: result: yes
configure:3024: checking for unistd.h
configure:3056: result: yes
configure:3080: checking for fcntl.h
configure:3085: result: yes
configure:3080: checking for db.h
configure:3085: result: no
configure:3080: checking for paths.h
configure:3085: result: yes
configure:3080: checking for sys/time.h
configure:3085: result: yes
configure:3080: checking for unistd.h
configure:3085: result: yes
configure:3080: checking for sys/sockio.h
configure:3085: result: no
configure:3080: checking for sys/select.h
configure:3085: result: yes
configure:3080: checking for sys/timers.h
configure:3085: result: no
configure:3191: checking for gcc option to accept ANSI C
configure:3280: result: none needed
configure:3288: checking for an ANSI C-conforming const
configure:3377: result: yes
configure:3387: checking for inline
configure:3424: result: inline
configure:3439: checking for size_t
configure:3485: result: yes
configure:3497: checking whether time.h and sys/time.h may both be included
configure:3544: result: yes
configure:3559: checking if unistd.h defines fd_set
configure:3581: gcc -c -g -O2  conftest.c >&5
configure:3584: $? = 0
configure:3587: test -s conftest.o
configure:3590: $? = 0
configure:3592: result: yes
configure:3633: checking whether byte ordering is bigendian
configure:3816: result: no
configure:3921: gcc -o conftest.exe -g -O2   conftest.c  >&5
configure:3915:1: warning: return type defaults to 'int' [-Wimplicit-int]
 int have_db_h = 0;
 ^~~~
configure:3924: $? = 0
configure:3926: ./conftest.exe
configure:3929: $? = 1
configure: program exited with status 1
configure: failed program was:
#line 3908 "configure"
#include "confdefs.h"

#ifdef HAVE_DB_H
int have_db_h = 1;
#else
int have_db_h = 0;
#endif
main() { return(!have_db_h); }

configure:3948: checking for random device
configure:3969: result: /dev/random
configure:3972: checking for /dev/random
configure:3987: result: yes
configure:4017: checking whether to look for thread support
configure:4026: result: yes
configure:4101: checking for pthread_create in -lpthread
configure:4154: result: yes
configure:4440: checking for sigwait in -lc
configure:4493: result: yes
configure:4630: checking for pthread_attr_getstacksize
configure:4710: result: yes
configure:4947: checking for sysconf
configure:5027: result: yes
configure:5098: checking for daemon
configure:5178: result: yes
configure:5191: checking for strsep
configure:5271: result: yes
configure:5284: checking for strerror
configure:5364: result: yes
configure:5378: checking for flockfile
configure:5458: result: yes
configure:5471: checking whether to build with threads
configure:5474: result: yes
configure:5559: checking for catgets
configure:5639: result: yes
configure:5664: checking for gethostbyname_r in -ld4r
configure:5717: result: no
configure:5729: checking for socket in -lsocket
configure:5782: result: no
configure:5794: checking for inet_ntoa in -lnsl
configure:5847: result: no
configure:5864: checking whether to use purify
configure:5927: result: no
configure:10106: checking for IPv6 structures
configure:10130: gcc -c -g -O2  conftest.c >&5
configure:10133: $? = 0
configure:10136: test -s conftest.o
configure:10139: $? = 0
configure:10141: result: yes
configure:10157: checking for Kame IPv6 support
configure:10181: result: no
configure:10251: checking for in6_addr
configure:10278: gcc -c -g -O2  conftest.c >&5
configure:10281: $? = 0
configure:10284: test -s conftest.o
configure:10287: $? = 0
configure:10289: result: yes
configure:10303: checking for in6addr_any
configure:10331: gcc -o conftest.exe -g -O2   conftest.c -lpthread  >&5
configure:10334: $? = 0
configure:10337: test -s conftest.exe
configure:10340: $? = 0
configure:10342: result: yes
configure:10354: checking for sin6_scope_id in struct sockaddr_in6
configure:10381: gcc -c -g -O2  conftest.c >&5
configure:10384: $? = 0
configure:10387: test -s conftest.o
configure:10390: $? = 0
configure:10392: result: yes
configure:10405: checking for in6_pktinfo
configure:10432: gcc -c -g -O2  conftest.c >&5
configure:10435: $? = 0
configure:10438: test -s conftest.o
configure:10441: $? = 0
configure:10443: result: yes
configure:10455: checking for sockaddr_storage
configure:10482: gcc -c -g -O2  conftest.c >&5
configure:10485: $? = 0
configure:10488: test -s conftest.o
configure:10491: $? = 0
configure:10493: result: yes
configure:10538: checking for inet_ntop
configure:10562: gcc -o conftest.exe -g -O2   conftest.c -lpthread  >&5
configure:10565: $? = 0
configure:10568: test -s conftest.exe
configure:10571: $? = 0
configure:10573: result: yes
configure:10586: checking for inet_pton
configure:10610: gcc -o conftest.exe -g -O2   conftest.c -lpthread  >&5
configure:10613: $? = 0
configure:10616: test -s conftest.exe
configure:10619: $? = 0
configure:10621: result: yes
configure:10634: checking for inet_aton
configure:10658: gcc -o conftest.exe -g -O2   conftest.c -lpthread  >&5
configure:10661: $? = 0
configure:10664: test -s conftest.exe
configure:10667: $? = 0
configure:10669: result: yes
configure:10700: checking for sa_len in struct sockaddr
configure:10723: gcc -c -g -O2  conftest.c >&5
configure: In function 'main':
configure:10715:23: error: 'struct sockaddr' has no member named 'sa_len'
 main ()
                       ^
configure:10726: $? = 1
configure: failed program was:
#line 10702 "configure"
#include "confdefs.h"

#include <sys/types.h>
#include <sys/socket.h>
#ifdef F77_DUMMY_MAIN
#  ifdef __cplusplus
     extern "C"
#  endif
   int F77_DUMMY_MAIN() { return 1; }
#endif
int
main ()
{
struct sockaddr sa; sa.sa_len = 0; return (0);
  ;
  return 0;
}
configure:10740: result: no
configure:10826: checking for struct msghdr flavor
configure:10849: gcc -c -g -O2  conftest.c >&5
configure:10852: $? = 0
configure:10855: test -s conftest.o
configure:10858: $? = 0
configure:10860: result: 4.4BSD
configure:10876: checking for type in_port_t
configure:10899: gcc -c -g -O2  conftest.c >&5
configure:10902: $? = 0
configure:10905: test -s conftest.o
configure:10908: $? = 0
configure:10910: result: yes
configure:10926: checking for struct addrinfo
configure:10948: gcc -c -g -O2  conftest.c >&5
configure:10951: $? = 0
configure:10954: test -s conftest.o
configure:10957: $? = 0
configure:10959: result: yes
configure:10973: checking for int sethostent
configure:10995: gcc -c -g -O2  conftest.c >&5
configure: In function 'main':
configure:10987:9: error: void value not ignored as it ought to be
 main ()
         ^         
configure:10998: $? = 1
configure: failed program was:
#line 10975 "configure"
#include "confdefs.h"

#include <netdb.h>
#ifdef F77_DUMMY_MAIN
#  ifdef __cplusplus
     extern "C"
#  endif
   int F77_DUMMY_MAIN() { return 1; }
#endif
int
main ()
{
int i = sethostent(0); return(0);
  ;
  return 0;
}
configure:11011: result: no
configure:11016: checking for int endhostent
configure:11038: gcc -c -g -O2  conftest.c >&5
configure: In function 'main':
configure:11030:9: error: void value not ignored as it ought to be
 main ()
         ^         
configure:11041: $? = 1
configure: failed program was:
#line 11018 "configure"
#include "confdefs.h"

#include <netdb.h>
#ifdef F77_DUMMY_MAIN
#  ifdef __cplusplus
     extern "C"
#  endif
   int F77_DUMMY_MAIN() { return 1; }
#endif
int
main ()
{
int i = endhostent(); return(0);
  ;
  return 0;
}
configure:11055: result: no
configure:11062: checking for int setnetent
configure:11084: gcc -c -g -O2  conftest.c >&5
configure: In function 'main':
configure:11076:9: error: void value not ignored as it ought to be
 main ()
         ^        
configure:11087: $? = 1
configure: failed program was:
#line 11064 "configure"
#include "confdefs.h"

#include <netdb.h>
#ifdef F77_DUMMY_MAIN
#  ifdef __cplusplus
     extern "C"
#  endif
   int F77_DUMMY_MAIN() { return 1; }
#endif
int
main ()
{
int i = setnetent(0); return(0);
  ;
  return 0;
}
configure:11101: result: no
configure:11108: checking for int endnetent
configure:11130: gcc -c -g -O2  conftest.c >&5
configure: In function 'main':
configure:11122:9: error: void value not ignored as it ought to be
 main ()
         ^        
configure:11133: $? = 1
configure: failed program was:
#line 11110 "configure"
#include "confdefs.h"

#include <netdb.h>
#ifdef F77_DUMMY_MAIN
#  ifdef __cplusplus
     extern "C"
#  endif
   int F77_DUMMY_MAIN() { return 1; }
#endif
int
main ()
{
int i = endnetent(); return(0);
  ;
  return 0;
}
configure:11147: result: no
configure:11154: checking for gethostbyaddr(const void *, size_t, ...)
configure:11177: gcc -c -g -O2  conftest.c >&5
configure:11159:17: error: conflicting types for 'gethostbyaddr'
 
                 ^            
In file included from configure:11158:0:
/usr/include/netdb.h:231:17: note: previous declaration of 'gethostbyaddr' was here
 struct hostent *gethostbyaddr (const void *, socklen_t, int);
                 ^~~~~~~~~~~~~
configure:11180: $? = 1
configure: failed program was:
#line 11156 "configure"
#include "confdefs.h"

#include <netdb.h>
struct hostent *gethostbyaddr(const void *, size_t, int);
#ifdef F77_DUMMY_MAIN
#  ifdef __cplusplus
     extern "C"
#  endif
   int F77_DUMMY_MAIN() { return 1; }
#endif
int
main ()
{
return(0);
  ;
  return 0;
}
configure:11194: result: no
configure:11201: checking for h_errno in netdb.h
configure:11223: gcc -c -g -O2  conftest.c >&5
configure:11226: $? = 0
configure:11229: test -s conftest.o
configure:11232: $? = 0
configure:11234: result: yes
configure:11247: checking for getipnodebyname
configure:11327: result: no
configure:11335: checking for getnameinfo
configure:11415: result: yes
configure:11423: checking for getaddrinfo
configure:11503: result: yes
configure:11515: checking for gai_strerror
configure:11595: result: yes
configure:11607: checking for pselect
configure:11687: result: yes
configure:11696: checking for gettimeofday
configure:11776: result: yes
configure:11785: checking for strndup
configure:11865: result: yes
configure:11878: checking for interface list sysctl
configure:11883:10: fatal error: sys/sysctl.h: No such file or directory
 
          ^             
compilation terminated.
configure:11901: result: no
configure:11910: checking for strsep
configure:11990: result: yes
configure:11998: checking for vsnprintf
configure:12078: result: yes
configure:12093: checking for strerror
configure:12173: result: yes
configure:12190: checking printf format modifier for 64-bit integers
configure:12203: gcc -o conftest.exe -g -O2   conftest.c -lpthread  >&5
configure:12198:1: warning: return type defaults to 'int' [-Wimplicit-int]
 #line $LINENO "configure"
 ^~~~
configure: In function 'main':
configure:12198:10: warning: implicit declaration of function 'exit' [-Wimplicit-function-declaration]
 #line $LINENO "configure"
          ^~~~
configure:12198:10: warning: incompatible implicit declaration of built-in function 'exit'
configure:12198:10: note: include '<stdlib.h>' or provide a declaration of 'exit'
configure:12206: $? = 0
configure:12208: ./conftest.exe
configure:12211: $? = 0
configure:12213: result: l
configure:12232: checking for chroot
configure:12312: result: yes
configure:12325: checking for socket length type
configure:12350: gcc -c -g -O2  conftest.c >&5
configure:12353: $? = 0
configure:12356: test -s conftest.o
configure:12359: $? = 0
configure:12362: result: socklen_t
configure:12505: checking for getgrouplist
configure:12585: result: yes
configure:12611: gcc -c -g -O2  conftest.c >&5
configure:12614: $? = 0
configure:12617: test -s conftest.o
configure:12620: $? = 0
configure:12642: checking for setgroupent
configure:12722: result: no
configure:12734: checking for getnetbyaddr_r
configure:12814: result: no
configure:13062: checking for setnetent_r
configure:13142: result: no
configure:13249: checking for endnetent_r
configure:13329: result: no
configure:13482: checking for getgrnam_r
configure:13562: result: yes
configure:13573: checking for getgrgid_r
configure:13653: result: yes
configure:13665: checking for getgrent_r
configure:13745: result: no
configure:13811: checking for endgrent_r
configure:13891: result: no
configure:13910: checking for setgrent_r
configure:13990: result: no
configure:14008: checking for gethostbyname_r
configure:14088: result: no
configure:14276: checking for endhostent_r
configure:14356: result: no
configure:14513: checking for sethostent_r
configure:14593: result: no
configure:14738: checking struct passwd element pw_class
configure:14762: gcc -c -g -O2  conftest.c >&5
configure: In function 'main':
configure:14754:24: error: 'struct passwd' has no member named 'pw_class'; did you mean 'pw_name'?
 main ()
                        ^       
                        pw_name
configure:14765: $? = 1
configure: failed program was:
#line 14740 "configure"
#include "confdefs.h"

#include <sys/types.h>
#include <pwd.h>

#ifdef F77_DUMMY_MAIN
#  ifdef __cplusplus
     extern "C"
#  endif
   int F77_DUMMY_MAIN() { return 1; }
#endif
int
main ()
{
struct passwd *pw; pw->pw_class = "";
  ;
  return 0;
}
configure:14783: result: no
configure:14813: gcc -c -g -O2  conftest.c >&5
configure:14816: $? = 0
configure:14819: test -s conftest.o
configure:14822: $? = 0
configure:14859: gcc -c -g -O2  conftest.c >&5
configure:14862: $? = 0
configure:14865: test -s conftest.o
configure:14868: $? = 0
configure:14881: checking for getnetgrent_r
configure:14961: result: no
configure:15136: checking for endnetgrent_r
configure:15216: result: no
configure:15238: checking for setnetgrent_r
configure:15318: result: no
configure:15343: checking for innetgr_r
configure:15423: result: no
configure:15435: checking for getprotoent_r
configure:15515: result: no
configure:15645: checking for endprotoent_r
configure:15725: result: no
configure:15789: checking for setprotoent_r
configure:15869: result: no
configure:15927: checking for getpwent_r
configure:16007: result: no
configure:16081: checking for endpwent_r
configure:16161: result: no
configure:16221: checking for setpassent_r
configure:16301: result: no
configure:16312: checking for setpassent
configure:16392: result: yes
configure:16404: checking for setpwent_r
configure:16484: result: no
configure:16584: checking for getpwnam_r
configure:16664: result: yes
configure:16675: checking for getpwuid_r
configure:16755: result: yes
configure:16767: checking for getservent_r
configure:16847: result: no
configure:16973: checking for endservent_r
configure:17053: result: no
configure:17117: checking for setservent_r
configure:17197: result: no
configure:17438: creating ./config.status

## ---------------------- ##
## Running config.status. ##
## ---------------------- ##

This file was extended by config.status, which was
generated by GNU Autoconf 2.53.  Invocation command line was

  CONFIG_FILES    = 
  CONFIG_HEADERS  = 
  CONFIG_LINKS    = 
  CONFIG_COMMANDS = 
  $ ./config.status 

on DESKTOP-MT5JR40

config.status:777: creating make/rules
config.status:777: creating make/mkdep
config.status:777: creating make/includes
config.status:777: creating Makefile
config.status:777: creating bsd/Makefile
config.status:777: creating dst/Makefile
config.status:777: creating include/Makefile
config.status:777: creating inet/Makefile
config.status:777: creating irs/Makefile
config.status:777: creating isc/Makefile
config.status:777: creating nameser/Makefile
config.status:777: creating port_after.h
config.status:777: creating port_before.h
config.status:777: creating resolv/Makefile
config.status:777: creating port/Makefile
config.status:777: creating port/cygwin/Makefile
config.status:837: error: cannot find input file: port/cygwin/Makefile.in

## ---------------- ##
## Cache variables. ##
## ---------------- ##

ac_cv_build=x86_64-pc-cygwin
ac_cv_build_alias=x86_64-pc-cygwin
ac_cv_c_bigendian=no
ac_cv_c_compiler_gnu=yes
ac_cv_c_const=yes
ac_cv_c_inline=inline
ac_cv_env_CC_set=
ac_cv_env_CC_value=
ac_cv_env_CFLAGS_set=
ac_cv_env_CFLAGS_value=
ac_cv_env_CPPFLAGS_set=
ac_cv_env_CPPFLAGS_value=
ac_cv_env_CPP_set=
ac_cv_env_CPP_value=
ac_cv_env_LDFLAGS_set=
ac_cv_env_LDFLAGS_value=
ac_cv_env_build_alias_set=
ac_cv_env_build_alias_value=
ac_cv_env_host_alias_set=
ac_cv_env_host_alias_value=
ac_cv_env_target_alias_set=
ac_cv_env_target_alias_value=
ac_cv_exeext=.exe
ac_cv_file__dev_random=yes
ac_cv_func_catgets=yes
ac_cv_func_chroot=yes
ac_cv_func_daemon=yes
ac_cv_func_endgrent_r=no
ac_cv_func_endhostent_r=no
ac_cv_func_endnetent_r=no
ac_cv_func_endnetgrent_r=no
ac_cv_func_endprotoent_r=no
ac_cv_func_endpwent_r=no
ac_cv_func_endservent_r=no
ac_cv_func_flockfile=yes
ac_cv_func_gai_strerror=yes
ac_cv_func_getaddrinfo=yes
ac_cv_func_getc_unlocked=yes
ac_cv_func_getgrent_r=no
ac_cv_func_getgrgid_r=yes
ac_cv_func_getgrnam_r=yes
ac_cv_func_getgrouplist=yes
ac_cv_func_gethostbyname_r=no
ac_cv_func_getipnodebyname=no
ac_cv_func_getnameinfo=yes
ac_cv_func_getnetbyaddr_r=no
ac_cv_func_getnetgrent_r=no
ac_cv_func_getprotoent_r=no
ac_cv_func_getpwent_r=no
ac_cv_func_getpwnam_r=yes
ac_cv_func_getpwuid_r=yes
ac_cv_func_getservent_r=no
ac_cv_func_gettimeofday=yes
ac_cv_func_innetgr_r=no
ac_cv_func_pselect=yes
ac_cv_func_pthread_attr_getstacksize=yes
ac_cv_func_setgrent_r=no
ac_cv_func_setgroupent=no
ac_cv_func_sethostent_r=no
ac_cv_func_setnetent_r=no
ac_cv_func_setnetgrent_r=no
ac_cv_func_setpassent=yes
ac_cv_func_setpassent_r=no
ac_cv_func_setprotoent_r=no
ac_cv_func_setpwent_r=no
ac_cv_func_setservent_r=no
ac_cv_func_strerror=yes
ac_cv_func_strndup=yes
ac_cv_func_strsep=yes
ac_cv_func_sysconf=yes
ac_cv_func_sysctlbyname=no
ac_cv_func_vsnprintf=yes
ac_cv_header_db_h=no
ac_cv_header_fcntl_h=yes
ac_cv_header_inttypes_h=yes
ac_cv_header_linux_capability_h=no
ac_cv_header_memory_h=yes
ac_cv_header_paths_h=yes
ac_cv_header_stdc=yes
ac_cv_header_stdint_h=yes
ac_cv_header_stdlib_h=yes
ac_cv_header_string_h=yes
ac_cv_header_strings_h=yes
ac_cv_header_sys_prctl_h=no
ac_cv_header_sys_select_h=yes
ac_cv_header_sys_sockio_h=no
ac_cv_header_sys_stat_h=yes
ac_cv_header_sys_sysctl_h=no
ac_cv_header_sys_time_h=yes
ac_cv_header_sys_timers_h=no
ac_cv_header_sys_types_h=yes
ac_cv_header_time=yes
ac_cv_header_unistd_h=yes
ac_cv_host=x86_64-pc-cygwin
ac_cv_host_alias=x86_64-pc-cygwin
ac_cv_lib_c_sigwait=yes
ac_cv_lib_d4r_gethostbyname_r=no
ac_cv_lib_nsl_inet_ntoa=no
ac_cv_lib_pthread_pthread_create=yes
ac_cv_lib_socket_socket=no
ac_cv_objext=o
ac_cv_path_AR=/usr/bin/ar
ac_cv_path_PERL=/usr/bin/perl
ac_cv_path_install='/usr/bin/install -c'
ac_cv_prog_CC=gcc
ac_cv_prog_CPP='gcc -E'
ac_cv_prog_RANLIB=ranlib
ac_cv_prog_cc_cross=no
ac_cv_prog_cc_g=yes
ac_cv_prog_cc_stdc=
ac_cv_prog_cc_works=yes
ac_cv_prog_gcc=yes
ac_cv_prog_make_make_set=no
ac_cv_type_size_t=yes
ac_cv_type_ssize_t=yes
lt_cv_sys_path_separator=:

## ----------- ##
## confdefs.h. ##
## ----------- ##

#define PACKAGE_NAME ""
#define PACKAGE_TARNAME ""
#define PACKAGE_VERSION ""
#define PACKAGE_STRING ""
#define PACKAGE_BUGREPORT ""
#define STDC_HEADERS 1
#define HAVE_SYS_TYPES_H 1
#define HAVE_SYS_STAT_H 1
#define HAVE_STDLIB_H 1
#define HAVE_STRING_H 1
#define HAVE_MEMORY_H 1
#define HAVE_STRINGS_H 1
#define HAVE_INTTYPES_H 1
#define HAVE_STDINT_H 1
#define HAVE_UNISTD_H 1
#define HAVE_FCNTL_H 1
#define HAVE_PATHS_H 1
#define HAVE_SYS_TIME_H 1
#define HAVE_UNISTD_H 1
#define HAVE_SYS_SELECT_H 1
#define TIME_WITH_SYS_TIME 1
#define PATH_RANDOMDEV "/dev/random"
#define HAVE_LIBPTHREAD 1
#define HAVE_SIGWAIT 1
#define HAVE_PTHREAD_ATTR_GETSTACKSIZE 1
#define HAVE_SYSCONF 1
#define HAVE_FLOCKFILE 1
#define HAVE_CATGETS 1
#define WANT_IPV6 1
#define HAVE_ADDRINFO 1
#define HAVE_GETADDRINFO 1
#define HAVE_GAISTRERROR 1
#define HAVE_CHROOT 1
#define NEED_SETGROUPENT 1
#define NEED_GETGRENT_R 1
#define NEED_ENDGRENT_R 1
#define NEED_SETGRENT_R 1
#define NEED_ENDNETGRENT_R 1
#define NEED_INNETGR_R 1
#define NEED_GETPWENT_R 1
#define NEED_ENDPWENT_R 1
#define NEED_SETPASSENT_R 1
#define NEED_SETPWENT_R 1

configure: exit 1
